<?xml version="1.0" encoding="UTF-8"?>
<testng-results skipped="0" failed="1" ignored="0" total="1" passed="0">
  <reporter-output>
  </reporter-output>
  <suite name="Default suite" duration-ms="10427" started-at="2021-05-12T14:06:40 IST" finished-at="2021-05-12T14:06:51 IST">
    <groups>
    </groups>
    <test name="Default test" duration-ms="10427" started-at="2021-05-12T14:06:40 IST" finished-at="2021-05-12T14:06:51 IST">
      <class name="com.myntra.testcases.MenTestCase">
        <test-method status="PASS" signature="openBrower()[pri:0, instance:com.myntra.testcases.MenTestCase@5bcea91b]" name="openBrower" is-config="true" duration-ms="10312" started-at="2021-05-12T14:06:40 IST" finished-at="2021-05-12T14:06:50 IST">
          <reporter-output>
          </reporter-output>
        </test-method> <!-- openBrower -->
        <test-method status="FAIL" signature="AddMenShirtToCartAndVerifyCart()[pri:0, instance:com.myntra.testcases.MenTestCase@5bcea91b]" name="AddMenShirtToCartAndVerifyCart" duration-ms="15" started-at="2021-05-12T14:06:51 IST" finished-at="2021-05-12T14:06:51 IST">
          <exception class="java.lang.NullPointerException">
            <full-stacktrace>
              <![CDATA[java.lang.NullPointerException
at org.openqa.selenium.support.pagefactory.DefaultElementLocator.findElement(DefaultElementLocator.java:69)
at org.openqa.selenium.support.pagefactory.internal.LocatingElementHandler.invoke(LocatingElementHandler.java:38)
at com.sun.proxy.$Proxy8.click(Unknown Source)
at com.myntra.pages.HomePage.clickMenTopWear(HomePage.java:35)
at com.myntra.testcases.MenTestCase.AddMenShirtToCartAndVerifyCart(MenTestCase.java:22)
at sun.reflect.NativeMethodAccessorImpl.invoke0(Native Method)
at sun.reflect.NativeMethodAccessorImpl.invoke(Unknown Source)
at sun.reflect.DelegatingMethodAccessorImpl.invoke(Unknown Source)
at java.lang.reflect.Method.invoke(Unknown Source)
at org.testng.internal.MethodInvocationHelper.invokeMethod(MethodInvocationHelper.java:134)
at org.testng.internal.TestInvoker.invokeMethod(TestInvoker.java:597)
at org.testng.internal.TestInvoker.invokeTestMethod(TestInvoker.java:173)
at org.testng.internal.MethodRunner.runInSequence(MethodRunner.java:46)
at org.testng.internal.TestInvoker$MethodInvocationAgent.invoke(TestInvoker.java:816)
at org.testng.internal.TestInvoker.invokeTestMethods(TestInvoker.java:146)
at org.testng.internal.TestMethodWorker.invokeTestMethods(TestMethodWorker.java:146)
at org.testng.internal.TestMethodWorker.run(TestMethodWorker.java:128)
at java.util.ArrayList.forEach(Unknown Source)
at org.testng.TestRunner.privateRun(TestRunner.java:766)
at org.testng.TestRunner.run(TestRunner.java:587)
at org.testng.SuiteRunner.runTest(SuiteRunner.java:384)
at org.testng.SuiteRunner.runSequentially(SuiteRunner.java:378)
at org.testng.SuiteRunner.privateRun(SuiteRunner.java:337)
at org.testng.SuiteRunner.run(SuiteRunner.java:286)
at org.testng.SuiteRunnerWorker.runSuite(SuiteRunnerWorker.java:53)
at org.testng.SuiteRunnerWorker.run(SuiteRunnerWorker.java:96)
at org.testng.TestNG.runSuitesSequentially(TestNG.java:1187)
at org.testng.TestNG.runSuitesLocally(TestNG.java:1109)
at org.testng.TestNG.runSuites(TestNG.java:1039)
at org.testng.TestNG.run(TestNG.java:1007)
at org.testng.remote.AbstractRemoteTestNG.run(AbstractRemoteTestNG.java:115)
at org.testng.remote.RemoteTestNG.initAndRun(RemoteTestNG.java:251)
at org.testng.remote.RemoteTestNG.main(RemoteTestNG.java:77)
]]>
            </full-stacktrace>
          </exception> <!-- java.lang.NullPointerException -->
          <reporter-output>
          </reporter-output>
        </test-method> <!-- AddMenShirtToCartAndVerifyCart -->
      </class> <!-- com.myntra.testcases.MenTestCase -->
    </test> <!-- Default test -->
  </suite> <!-- Default suite -->
</testng-results>
